Start testing: May 12 17:49 中国标准时间
----------------------------------------------------------
8/8 Testing: test_mblock
8/8 Test: test_mblock
Command: "F:/code/c++code/mini-tcpip/build/test/test_mblock.exe"
Directory: F:/code/c++code/mini-tcpip/build/test
"test_mblock" start time: May 12 17:49 中国标准时间
Output:
----------------------------------------------------------
thread1_block_cnt = 32588, thread2_block_cnt = 32947
<end of output>
Test time =   2.23 sec
----------------------------------------------------------
Test Passed.
"test_mblock" end time: May 12 17:49 中国标准时间
"test_mblock" time elapsed: 00:00:02
----------------------------------------------------------

End testing: May 12 17:49 中国标准时间
