Start testing: Nov 04 18:36 中国标准时间
----------------------------------------------------------
9/10 Testing: test_pktbuf
9/10 Test: test_pktbuf
Command: "C:/Users/kbpoyo/Desktop/mini-tcpip/build/test/test_pktbuf.exe"
Directory: C:/Users/kbpoyo/Desktop/mini-tcpip/build/test
"test_pktbuf" start time: Nov 04 18:36 中国标准时间
Output:
----------------------------------------------------------
<end of output>
Test time =   0.43 sec
----------------------------------------------------------
Test Passed.
"test_pktbuf" end time: Nov 04 18:36 中国标准时间
"test_pktbuf" time elapsed: 00:00:00
----------------------------------------------------------

End testing: Nov 04 18:36 中国标准时间
