Start testing: Jun 16 20:23 中国标准时间
----------------------------------------------------------
9/9 Testing: test_pktbuf
9/9 Test: test_pktbuf
Command: "F:/code/c++code/mini-tcpip/build/test/test_pktbuf.exe"
Directory: F:/code/c++code/mini-tcpip/build/test
"test_pktbuf" start time: Jun 16 20:23 中国标准时间
Output:
----------------------------------------------------------
<end of output>
Test time =   2.04 sec
----------------------------------------------------------
Test Passed.
"test_pktbuf" end time: Jun 16 20:23 中国标准时间
"test_pktbuf" time elapsed: 00:00:02
----------------------------------------------------------

End testing: Jun 16 20:23 中国标准时间
