Start testing: Jul 29 17:59 中国标准时间
----------------------------------------------------------
8/10 Testing: test_mblock
8/10 Test: test_mblock
Command: "C:/Users/kbpoyo/Desktop/mini-tcpip/build/test/test_mblock.exe"
Directory: C:/Users/kbpoyo/Desktop/mini-tcpip/build/test
"test_mblock" start time: Jul 29 17:59 中国标准时间
Output:
----------------------------------------------------------
thread1_block_cnt = 33985, thread2_block_cnt = 31550
<end of output>
Test time =   0.57 sec
----------------------------------------------------------
Test Passed.
"test_mblock" end time: Jul 29 17:59 中国标准时间
"test_mblock" time elapsed: 00:00:00
----------------------------------------------------------

End testing: Jul 29 17:59 中国标准时间
