<?xml version="1.0" encoding="UTF-8"?>
<Site BuildName="(empty)"
	BuildStamp="20240801-0201-Experimental"
	Name="(empty)"
	Generator="ctest-3.28.1"
	CompilerName=""
	CompilerVersion=""
	OSName="Windows"
	Hostname="kbpoyo"
	OSRelease=" Professional"
	OSVersion=" (Build 22631)"
	OSPlatform="AMD64"
	Is64Bits="1"
	VendorString="GenuineIntel"
	VendorID="Intel Corporation"
	FamilyID="6"
	ModelID="7"
	ProcessorCacheSize="-1"
	NumberOfLogicalCPU="16"
	NumberOfPhysicalCPU="10"
	TotalVirtualMemory="37701"
	TotalPhysicalMemory="32581"
	LogicalProcessorsPerPhysical="1"
	ProcessorClockFrequency="3686"
	>
	<Testing>
		<StartDateTime>Aug 01 10:01 [NON-UTF-8-BYTE-0xD6]й[NON-UTF-8-BYTE-0xFA][NON-UTF-8-BYTE-0xB1][NON-UTF-8-BYTE-0xEA]׼ʱ[NON-UTF-8-BYTE-0xBC][NON-UTF-8-BYTE-0xE4]</StartDateTime>
		<StartTestTime>1722477688</StartTestTime>
		<TestList/>
		<EndDateTime>Aug 01 10:01 [NON-UTF-8-BYTE-0xD6]й[NON-UTF-8-BYTE-0xFA][NON-UTF-8-BYTE-0xB1][NON-UTF-8-BYTE-0xEA]׼ʱ[NON-UTF-8-BYTE-0xBC][NON-UTF-8-BYTE-0xE4]</EndDateTime>
		<EndTestTime>1722477688</EndTestTime>
		<ElapsedMinutes>0</ElapsedMinutes>
	</Testing>
</Site>
